mobile/src/advance_scientific_calculator/amatrix/build/outputs/logs/manifest-merger-debug-report.txt
-- Merging decision tree log ---
manifest
ADDED from src\main\AndroidManifest.xml:2:1-57:12
	package
		ADDED from src\main\AndroidManifest.xml:3:5-46
		INJECTED from src\main\AndroidManifest.xml
		INJECTED from src\main\AndroidManifest.xml
	android:versionName
		ADDED from src\main\AndroidManifest.xml:5:5-30
		INJECTED from src\main\AndroidManifest.xml
		INJECTED from src\main\AndroidManifest.xml
	android:versionCode
		ADDED from src\main\AndroidManifest.xml:4:5-28
		INJECTED from src\main\AndroidManifest.xml
		INJECTED from src\main\AndroidManifest.xml
	xmlns:android
		ADDED from src\main\AndroidManifest.xml:2:11-69
uses-sdk
ADDED from src\main\AndroidManifest.xml:7:5-9:41
	android:targetSdkVersion
		ADDED from src\main\AndroidManifest.xml:9:9-38
		INJECTED from src\main\AndroidManifest.xml
		INJECTED from src\main\AndroidManifest.xml
	android:minSdkVersion
		ADDED from src\main\AndroidManifest.xml:8:9-35
		INJECTED from src\main\AndroidManifest.xml
		INJECTED from src\main\AndroidManifest.xml
application
ADDED from src\main\AndroidManifest.xml:11:5-55:19
	android:label
		ADDED from src\main\AndroidManifest.xml:14:9-41
	android:allowBackup
		ADDED from src\main\AndroidManifest.xml:12:9-35
	android:icon
		ADDED from src\main\AndroidManifest.xml:13:9-44
	android:theme
		ADDED from src\main\AndroidManifest.xml:15:9-56
activity#com.alexkang.x3matrixcalculator.MainActivity
ADDED from src\main\AndroidManifest.xml:16:9-26:20
	android:label
		ADDED from src\main\AndroidManifest.xml:19:13-45
	android:windowSoftInputMode
		ADDED from src\main\AndroidManifest.xml:20:13-54
	android:configChanges
		ADDED from src\main\AndroidManifest.xml:18:13-63
	android:name
		ADDED from src\main\AndroidManifest.xml:17:13-72
intent-filter#android.intent.action.MAIN+android.intent.category.LAUNCHER
ADDED from src\main\AndroidManifest.xml:21:13-25:29
action#android.intent.action.MAIN
ADDED from src\main\AndroidManifest.xml:22:17-69
	android:name
		ADDED from src\main\AndroidManifest.xml:22:25-66
category#android.intent.category.LAUNCHER
ADDED from src\main\AndroidManifest.xml:24:17-77
	android:name
		ADDED from src\main\AndroidManifest.xml:24:27-74
activity#com.alexkang.x3matrixcalculator.DisplaySumActivity
ADDED from src\main\AndroidManifest.xml:27:9-34:20
	android:label
		ADDED from src\main\AndroidManifest.xml:29:13-66
	android:parentActivityName
		ADDED from src\main\AndroidManifest.xml:30:13-86
	android:name
		ADDED from src\main\AndroidManifest.xml:28:13-78
meta-data#android.support.PARENT_ACTIVITY
ADDED from src\main\AndroidManifest.xml:31:13-33:79
	android:value
		ADDED from src\main\AndroidManifest.xml:33:17-76
	android:name
		ADDED from src\main\AndroidManifest.xml:32:17-63
activity#com.alexkang.x3matrixcalculator.DisplayResultActivity
ADDED from src\main\AndroidManifest.xml:35:9-42:20
	android:label
		ADDED from src\main\AndroidManifest.xml:37:13-66
	android:parentActivityName
		ADDED from src\main\AndroidManifest.xml:38:13-86
	android:name
		ADDED from src\main\AndroidManifest.xml:36:13-81
activity#com.alexkang.x3matrixcalculator.SettingsActivity
ADDED from src\main\AndroidManifest.xml:43:9-50:20
	android:label
		ADDED from src\main\AndroidManifest.xml:45:13-60
	android:parentActivityName
		ADDED from src\main\AndroidManifest.xml:46:13-86
	android:name
		ADDED from src\main\AndroidManifest.xml:44:13-76
activity#com.alexkang.x3matrixcalculator.MainActivity3
ADDED from src\main\AndroidManifest.xml:51:9-54:20
	android:label
		ADDED from src\main\AndroidManifest.xml:53:13-66
	android:name
		ADDED from src\main\AndroidManifest.xml:52:13-73